\BOOKMARK [1][-]{ttlpg.1}{\376\377\000P\000\341\000g\000i\000n\000a\000\040\000d\000e\000\040\000T\000\355\000t\000u\000l\000o}{}% 1
\BOOKMARK [1][-]{section.1}{\376\377\0001\000\040\000D\000i\000a\000g\000r\000a\000m\000a\000s\000\040\000U\000M\000L}{}% 2
\BOOKMARK [2][-]{subsection.1.1}{\376\377\0001\000.\0001\000\040\000D\000i\000a\000g\000r\000a\000m\000a\000\040\000d\000e\000\040\000C\000a\000s\000o\000\040\000d\000e\000\040\000U\000s\000o}{section.1}% 3
\BOOKMARK [2][-]{subsection.1.2}{\376\377\0001\000.\0002\000\040\000D\000i\000a\000g\000r\000a\000m\000a\000\040\000d\000e\000\040\000C\000l\000a\000s\000s\000e}{section.1}% 4
\BOOKMARK [2][-]{subsection.1.3}{\376\377\0001\000.\0003\000\040\000D\000i\000a\000g\000r\000a\000m\000a\000\040\000d\000e\000\040\000O\000b\000j\000e\000t\000o\000s}{section.1}% 5
\BOOKMARK [1][-]{section.2}{\376\377\0002\000\040\000D\000i\000a\000g\000r\000a\000m\000a\000s\000\040\000d\000e\000\040\000B\000a\000n\000c\000o\000\040\000d\000e\000\040\000D\000a\000d\000o\000s}{}% 6
\BOOKMARK [2][-]{subsection.2.1}{\376\377\0002\000.\0001\000\040\000D\000i\000a\000g\000r\000a\000m\000a\000\040\000E\000n\000t\000i\000d\000a\000d\000e\000-\000R\000e\000l\000a\000c\000i\000o\000n\000a\000m\000e\000n\000t\000o\000\040\000\050\000D\000E\000R\000\051}{section.2}% 7
\BOOKMARK [2][-]{subsection.2.2}{\376\377\0002\000.\0002\000\040\000D\000i\000a\000g\000r\000a\000m\000a\000\040\000M\000o\000d\000e\000l\000o\000\040\000L\000\363\000g\000i\000c\000o\000\040\000\050\000M\000E\000R\000\051}{section.2}% 8
\BOOKMARK [1][-]{section.3}{\376\377\0003\000\040\000M\000o\000d\000e\000l\000o\000\040\000d\000e\000\040\000N\000e\000g\000\363\000c\000i\000o\000s\000\040\000C\000a\000n\000v\000a\000s}{}% 9
\BOOKMARK [1][-]{section.4}{\376\377\0004\000\040\000D\000I\000A\000G\000R\000A\000M\000A\000\040\000E\000\040\000E\000S\000P\000E\000C\000I\000F\000I\000C\000A\000\307\000\325\000E\000S\000\040\000D\000A\000\040\000I\000N\000F\000R\000A\000E\000S\000T\000R\000U\000T\000U\000R\000A\000\040\000D\000E\000\040\000R\000E\000D\000E}{}% 10
\BOOKMARK [2][-]{subsection.4.1}{\376\377\0004\000.\0001\000\040\000V\000i\000s\000\343\000o\000\040\000G\000e\000r\000a\000l\000\040\000d\000a\000\040\000R\000e\000d\000e}{section.4}% 11
\BOOKMARK [2][-]{subsection.4.2}{\376\377\0004\000.\0002\000\040\000C\000o\000m\000p\000o\000n\000e\000n\000t\000e\000s\000\040\000d\000a\000\040\000R\000e\000d\000e}{section.4}% 12
\BOOKMARK [2][-]{subsection.4.3}{\376\377\0004\000.\0003\000\040\000F\000l\000u\000x\000o\000\040\000d\000e\000\040\000C\000o\000m\000u\000n\000i\000c\000a\000\347\000\343\000o}{section.4}% 13
\BOOKMARK [2][-]{subsection.4.4}{\376\377\0004\000.\0004\000\040\000S\000e\000g\000u\000r\000a\000n\000\347\000a\000\040\000e\000\040\000E\000s\000t\000a\000b\000i\000l\000i\000d\000a\000d\000e}{section.4}% 14
\BOOKMARK [1][-]{section.5}{\376\377\0005\000\040\000I\000n\000t\000e\000r\000f\000a\000c\000e\000\040\000d\000e\000\040\000U\000s\000u\000\341\000r\000i\000o\000\040\000d\000e\000\040\000A\000l\000t\000a\000\040\000F\000i\000d\000e\000l\000i\000d\000a\000d\000e\000\040\000\050\000F\000i\000g\000m\000a\000\051}{}% 15
\BOOKMARK [2][-]{subsection.5.1}{\376\377\0005\000.\0001\000\040\000I\000n\000t\000e\000r\000f\000a\000c\000e\000\040\000d\000o\000\040\000U\000s\000u\000\341\000r\000i\000o\000\040\000-\000\040\000W\000e\000b}{section.5}% 16
\BOOKMARK [2][-]{subsection.5.2}{\376\377\0005\000.\0002\000\040\000I\000n\000t\000e\000r\000f\000a\000c\000e\000\040\000d\000o\000\040\000U\000s\000u\000\341\000r\000i\000o\000\040\000-\000\040\000M\000o\000b\000i\000l\000e}{section.5}% 17
\BOOKMARK [1][-]{section.6}{\376\377\0006\000\040\000I\000n\000t\000e\000r\000f\000a\000c\000e\000\040\000d\000a\000\040\000A\000p\000l\000i\000c\000a\000\347\000\343\000o}{}% 18
\BOOKMARK [1][-]{section.7}{\376\377\0007\000\040\000O\000r\000g\000a\000n\000i\000z\000a\000\347\000\343\000o\000\040\000d\000o\000\040\000P\000r\000o\000j\000e\000t\000o\000\040\000c\000o\000m\000\040\000S\000c\000r\000u\000m}{}% 19
\BOOKMARK [1][-]{section.8}{\376\377\0008\000\040\000D\000i\000\341\000r\000i\000o\000\040\000d\000e\000\040\000B\000o\000r\000d\000o}{}% 20
\BOOKMARK [1][-]{section.9}{\376\377\0009\000\040\000P\000e\000s\000q\000u\000i\000s\000a\000\040\000d\000e\000\040\000C\000a\000m\000p\000o}{}% 21
\BOOKMARK [1][-]{section.10}{\376\377\0001\0000\000\040\000A\000n\000\341\000l\000i\000s\000e\000\040\000S\000w\000o\000t}{}% 22
